<?xml version="1.0" encoding="UTF-8"?>
<testng-results skipped="0" failed="0" ignored="0" total="1" passed="1">
  <reporter-output>
  </reporter-output>
  <suite name="Default suite" duration-ms="18906" started-at="2017-11-03T17:14:22Z" finished-at="2017-11-03T17:14:41Z">
    <groups>
    </groups>
    <test name="Default test" duration-ms="18906" started-at="2017-11-03T17:14:22Z" finished-at="2017-11-03T17:14:41Z">
      <class name="testCases.InvalidLoginTestCase">
        <test-method status="PASS" signature="setup()[pri:0, instance:testCases.InvalidLoginTestCase@1efea79]" name="setup" is-config="true" duration-ms="10845" started-at="2017-11-03T11:14:22Z" finished-at="2017-11-03T11:14:33Z">
          <reporter-output>
          </reporter-output>
        </test-method> <!-- setup -->
        <test-method status="PASS" signature="invalidLogin()[pri:0, instance:testCases.InvalidLoginTestCase@1efea79]" name="invalidLogin" duration-ms="5702" started-at="2017-11-03T11:14:33Z" finished-at="2017-11-03T11:14:38Z">
          <reporter-output>
          </reporter-output>
        </test-method> <!-- invalidLogin -->
        <test-method status="PASS" signature="close()[pri:0, instance:testCases.InvalidLoginTestCase@1efea79]" name="close" is-config="true" duration-ms="2336" started-at="2017-11-03T11:14:38Z" finished-at="2017-11-03T11:14:41Z">
          <reporter-output>
          </reporter-output>
        </test-method> <!-- close -->
      </class> <!-- testCases.InvalidLoginTestCase -->
    </test> <!-- Default test -->
  </suite> <!-- Default suite -->
</testng-results>
